<?xml version="1.0" encoding="UTF-8"?>
<!-- Generated by org.testng.reporters.JUnitReportReporter -->
<testsuite hostname="DESKTOP-O9ONIV6" failures="0" tests="1" name="com.crm.dummy.CreateDummy" time="0.012" errors="0" timestamp="2021-12-30T15:32:21 IST" skipped="0">
  <testcase classname="com.crm.dummy.CreateDummy" name="demo" time="0.012"/>
  <system-out/>
</testsuite> <!-- com.crm.dummy.CreateDummy -->
