<?xml version="1.0" encoding="UTF-8"?>
<!-- Generated by org.testng.reporters.JUnitReportReporter -->
<testsuite hostname="DESKTOP-O9ONIV6" failures="0" tests="2" name="com.crm.dummy.CreateDummyTest" time="7.924" errors="0" timestamp="2021-12-30T17:43:20 IST" skipped="0">
  <testcase classname="com.crm.dummy.CreateDummyTest" name="demo" time="7.919"/>
  <system-out/>
  <testcase classname="com.crm.dummy.CreateDummyTest" name="execute" time="0.005"/>
  <system-out/>
</testsuite> <!-- com.crm.dummy.CreateDummyTest -->
